Linked: (/home/zy/debug/devel/.private/traj_utils/share/common-lisp/ros/traj_utils/srv/traj_utils-srv.asd, /home/zy/debug/devel/share/common-lisp/ros/traj_utils/srv/traj_utils-srv.asd)
Linked: (/home/zy/debug/devel/.private/traj_utils/share/common-lisp/ros/traj_utils/srv/_package_GlbObsRcv.lisp, /home/zy/debug/devel/share/common-lisp/ros/traj_utils/srv/_package_GlbObsRcv.lisp)
Linked: (/home/zy/debug/devel/.private/traj_utils/share/common-lisp/ros/traj_utils/srv/_package.lisp, /home/zy/debug/devel/share/common-lisp/ros/traj_utils/srv/_package.lisp)
Linked: (/home/zy/debug/devel/.private/traj_utils/share/common-lisp/ros/traj_utils/srv/GlbObsRcv.lisp, /home/zy/debug/devel/share/common-lisp/ros/traj_utils/srv/GlbObsRcv.lisp)
Linked: (/home/zy/debug/devel/.private/traj_utils/share/common-lisp/ros/traj_utils/msg/_package_PolyTraj.lisp, /home/zy/debug/devel/share/common-lisp/ros/traj_utils/msg/_package_PolyTraj.lisp)
Linked: (/home/zy/debug/devel/.private/traj_utils/share/common-lisp/ros/traj_utils/msg/LocalGoal.lisp, /home/zy/debug/devel/share/common-lisp/ros/traj_utils/msg/LocalGoal.lisp)
Linked: (/home/zy/debug/devel/.private/traj_utils/share/common-lisp/ros/traj_utils/msg/_package_RemapLocalGoalList.lisp, /home/zy/debug/devel/share/common-lisp/ros/traj_utils/msg/_package_RemapLocalGoalList.lisp)
Linked: (/home/zy/debug/devel/.private/traj_utils/share/common-lisp/ros/traj_utils/msg/traj_utils-msg.asd, /home/zy/debug/devel/share/common-lisp/ros/traj_utils/msg/traj_utils-msg.asd)
Linked: (/home/zy/debug/devel/.private/traj_utils/share/common-lisp/ros/traj_utils/msg/RemapLocalGoalList.lisp, /home/zy/debug/devel/share/common-lisp/ros/traj_utils/msg/RemapLocalGoalList.lisp)
Linked: (/home/zy/debug/devel/.private/traj_utils/share/common-lisp/ros/traj_utils/msg/_package_LocalGoal.lisp, /home/zy/debug/devel/share/common-lisp/ros/traj_utils/msg/_package_LocalGoal.lisp)
Linked: (/home/zy/debug/devel/.private/traj_utils/share/common-lisp/ros/traj_utils/msg/_package_DataDisp.lisp, /home/zy/debug/devel/share/common-lisp/ros/traj_utils/msg/_package_DataDisp.lisp)
Linked: (/home/zy/debug/devel/.private/traj_utils/share/common-lisp/ros/traj_utils/msg/PolyTraj.lisp, /home/zy/debug/devel/share/common-lisp/ros/traj_utils/msg/PolyTraj.lisp)
Linked: (/home/zy/debug/devel/.private/traj_utils/share/common-lisp/ros/traj_utils/msg/_package.lisp, /home/zy/debug/devel/share/common-lisp/ros/traj_utils/msg/_package.lisp)
Linked: (/home/zy/debug/devel/.private/traj_utils/share/common-lisp/ros/traj_utils/msg/SwarmGlobalPathList.lisp, /home/zy/debug/devel/share/common-lisp/ros/traj_utils/msg/SwarmGlobalPathList.lisp)
Linked: (/home/zy/debug/devel/.private/traj_utils/share/common-lisp/ros/traj_utils/msg/_package_SwarmGlobalPathList.lisp, /home/zy/debug/devel/share/common-lisp/ros/traj_utils/msg/_package_SwarmGlobalPathList.lisp)
Linked: (/home/zy/debug/devel/.private/traj_utils/share/common-lisp/ros/traj_utils/msg/DataDisp.lisp, /home/zy/debug/devel/share/common-lisp/ros/traj_utils/msg/DataDisp.lisp)
Linked: (/home/zy/debug/devel/.private/traj_utils/share/roseus/ros/traj_utils/manifest.l, /home/zy/debug/devel/share/roseus/ros/traj_utils/manifest.l)
Linked: (/home/zy/debug/devel/.private/traj_utils/share/roseus/ros/traj_utils/srv/GlbObsRcv.l, /home/zy/debug/devel/share/roseus/ros/traj_utils/srv/GlbObsRcv.l)
Linked: (/home/zy/debug/devel/.private/traj_utils/share/roseus/ros/traj_utils/msg/DataDisp.l, /home/zy/debug/devel/share/roseus/ros/traj_utils/msg/DataDisp.l)
Linked: (/home/zy/debug/devel/.private/traj_utils/share/roseus/ros/traj_utils/msg/SwarmGlobalPathList.l, /home/zy/debug/devel/share/roseus/ros/traj_utils/msg/SwarmGlobalPathList.l)
Linked: (/home/zy/debug/devel/.private/traj_utils/share/roseus/ros/traj_utils/msg/LocalGoal.l, /home/zy/debug/devel/share/roseus/ros/traj_utils/msg/LocalGoal.l)
Linked: (/home/zy/debug/devel/.private/traj_utils/share/roseus/ros/traj_utils/msg/PolyTraj.l, /home/zy/debug/devel/share/roseus/ros/traj_utils/msg/PolyTraj.l)
Linked: (/home/zy/debug/devel/.private/traj_utils/share/roseus/ros/traj_utils/msg/RemapLocalGoalList.l, /home/zy/debug/devel/share/roseus/ros/traj_utils/msg/RemapLocalGoalList.l)
Linked: (/home/zy/debug/devel/.private/traj_utils/share/traj_utils/cmake/traj_utilsConfig.cmake, /home/zy/debug/devel/share/traj_utils/cmake/traj_utilsConfig.cmake)
Linked: (/home/zy/debug/devel/.private/traj_utils/share/traj_utils/cmake/traj_utilsConfig-version.cmake, /home/zy/debug/devel/share/traj_utils/cmake/traj_utilsConfig-version.cmake)
Linked: (/home/zy/debug/devel/.private/traj_utils/share/traj_utils/cmake/traj_utils-msg-paths.cmake, /home/zy/debug/devel/share/traj_utils/cmake/traj_utils-msg-paths.cmake)
Linked: (/home/zy/debug/devel/.private/traj_utils/share/traj_utils/cmake/traj_utils-msg-extras.cmake, /home/zy/debug/devel/share/traj_utils/cmake/traj_utils-msg-extras.cmake)
Linked: (/home/zy/debug/devel/.private/traj_utils/share/gennodejs/ros/traj_utils/_index.js, /home/zy/debug/devel/share/gennodejs/ros/traj_utils/_index.js)
Linked: (/home/zy/debug/devel/.private/traj_utils/share/gennodejs/ros/traj_utils/srv/_index.js, /home/zy/debug/devel/share/gennodejs/ros/traj_utils/srv/_index.js)
Linked: (/home/zy/debug/devel/.private/traj_utils/share/gennodejs/ros/traj_utils/srv/GlbObsRcv.js, /home/zy/debug/devel/share/gennodejs/ros/traj_utils/srv/GlbObsRcv.js)
Linked: (/home/zy/debug/devel/.private/traj_utils/share/gennodejs/ros/traj_utils/msg/DataDisp.js, /home/zy/debug/devel/share/gennodejs/ros/traj_utils/msg/DataDisp.js)
Linked: (/home/zy/debug/devel/.private/traj_utils/share/gennodejs/ros/traj_utils/msg/PolyTraj.js, /home/zy/debug/devel/share/gennodejs/ros/traj_utils/msg/PolyTraj.js)
Linked: (/home/zy/debug/devel/.private/traj_utils/share/gennodejs/ros/traj_utils/msg/RemapLocalGoalList.js, /home/zy/debug/devel/share/gennodejs/ros/traj_utils/msg/RemapLocalGoalList.js)
Linked: (/home/zy/debug/devel/.private/traj_utils/share/gennodejs/ros/traj_utils/msg/_index.js, /home/zy/debug/devel/share/gennodejs/ros/traj_utils/msg/_index.js)
Linked: (/home/zy/debug/devel/.private/traj_utils/share/gennodejs/ros/traj_utils/msg/LocalGoal.js, /home/zy/debug/devel/share/gennodejs/ros/traj_utils/msg/LocalGoal.js)
Linked: (/home/zy/debug/devel/.private/traj_utils/share/gennodejs/ros/traj_utils/msg/SwarmGlobalPathList.js, /home/zy/debug/devel/share/gennodejs/ros/traj_utils/msg/SwarmGlobalPathList.js)
Linked: (/home/zy/debug/devel/.private/traj_utils/include/traj_utils/SwarmGlobalPathList.h, /home/zy/debug/devel/include/traj_utils/SwarmGlobalPathList.h)
Linked: (/home/zy/debug/devel/.private/traj_utils/include/traj_utils/GlbObsRcv.h, /home/zy/debug/devel/include/traj_utils/GlbObsRcv.h)
Linked: (/home/zy/debug/devel/.private/traj_utils/include/traj_utils/DataDisp.h, /home/zy/debug/devel/include/traj_utils/DataDisp.h)
Linked: (/home/zy/debug/devel/.private/traj_utils/include/traj_utils/LocalGoal.h, /home/zy/debug/devel/include/traj_utils/LocalGoal.h)
Linked: (/home/zy/debug/devel/.private/traj_utils/include/traj_utils/RemapLocalGoalList.h, /home/zy/debug/devel/include/traj_utils/RemapLocalGoalList.h)
Linked: (/home/zy/debug/devel/.private/traj_utils/include/traj_utils/GlbObsRcvRequest.h, /home/zy/debug/devel/include/traj_utils/GlbObsRcvRequest.h)
Linked: (/home/zy/debug/devel/.private/traj_utils/include/traj_utils/PolyTraj.h, /home/zy/debug/devel/include/traj_utils/PolyTraj.h)
Linked: (/home/zy/debug/devel/.private/traj_utils/include/traj_utils/GlbObsRcvResponse.h, /home/zy/debug/devel/include/traj_utils/GlbObsRcvResponse.h)
Linked: (/home/zy/debug/devel/.private/traj_utils/lib/libtraj_utils.so, /home/zy/debug/devel/lib/libtraj_utils.so)
Linked: (/home/zy/debug/devel/.private/traj_utils/lib/python3/dist-packages/traj_utils/__init__.py, /home/zy/debug/devel/lib/python3/dist-packages/traj_utils/__init__.py)
Linked: (/home/zy/debug/devel/.private/traj_utils/lib/python3/dist-packages/traj_utils/srv/__init__.py, /home/zy/debug/devel/lib/python3/dist-packages/traj_utils/srv/__init__.py)
Linked: (/home/zy/debug/devel/.private/traj_utils/lib/python3/dist-packages/traj_utils/srv/_GlbObsRcv.py, /home/zy/debug/devel/lib/python3/dist-packages/traj_utils/srv/_GlbObsRcv.py)
Linked: (/home/zy/debug/devel/.private/traj_utils/lib/python3/dist-packages/traj_utils/msg/_LocalGoal.py, /home/zy/debug/devel/lib/python3/dist-packages/traj_utils/msg/_LocalGoal.py)
Linked: (/home/zy/debug/devel/.private/traj_utils/lib/python3/dist-packages/traj_utils/msg/_SwarmGlobalPathList.py, /home/zy/debug/devel/lib/python3/dist-packages/traj_utils/msg/_SwarmGlobalPathList.py)
Linked: (/home/zy/debug/devel/.private/traj_utils/lib/python3/dist-packages/traj_utils/msg/_PolyTraj.py, /home/zy/debug/devel/lib/python3/dist-packages/traj_utils/msg/_PolyTraj.py)
Linked: (/home/zy/debug/devel/.private/traj_utils/lib/python3/dist-packages/traj_utils/msg/_RemapLocalGoalList.py, /home/zy/debug/devel/lib/python3/dist-packages/traj_utils/msg/_RemapLocalGoalList.py)
Linked: (/home/zy/debug/devel/.private/traj_utils/lib/python3/dist-packages/traj_utils/msg/__init__.py, /home/zy/debug/devel/lib/python3/dist-packages/traj_utils/msg/__init__.py)
Linked: (/home/zy/debug/devel/.private/traj_utils/lib/python3/dist-packages/traj_utils/msg/_DataDisp.py, /home/zy/debug/devel/lib/python3/dist-packages/traj_utils/msg/_DataDisp.py)
Linked: (/home/zy/debug/devel/.private/traj_utils/lib/pkgconfig/traj_utils.pc, /home/zy/debug/devel/lib/pkgconfig/traj_utils.pc)
