Performing C SOURCE FILE Test CMAKE_HAVE_LIBC_PTHREAD failed with the following output:
Change Dir: /home/zy/debug/build/catkin_tools_prebuild/CMakeFiles/CMakeTmp

Run Build Command(s):/usr/bin/make -f Makefile cmTC_1e3ff/fast && /usr/bin/make  -f CMakeFiles/cmTC_1e3ff.dir/build.make CMakeFiles/cmTC_1e3ff.dir/build
make[1]: 进入目录“/home/zy/debug/build/catkin_tools_prebuild/CMakeFiles/CMakeTmp”
Building C object CMakeFiles/cmTC_1e3ff.dir/src.c.o
/usr/bin/cc -DCMAKE_HAVE_LIBC_PTHREAD   -o CMakeFiles/cmTC_1e3ff.dir/src.c.o -c /home/zy/debug/build/catkin_tools_prebuild/CMakeFiles/CMakeTmp/src.c
Linking C executable cmTC_1e3ff
/usr/bin/cmake -E cmake_link_script CMakeFiles/cmTC_1e3ff.dir/link.txt --verbose=1
/usr/bin/cc -rdynamic CMakeFiles/cmTC_1e3ff.dir/src.c.o -o cmTC_1e3ff 
/usr/bin/ld: CMakeFiles/cmTC_1e3ff.dir/src.c.o: in function `main':
src.c:(.text+0x3e): undefined reference to `pthread_create'
/usr/bin/ld: src.c:(.text+0x4a): undefined reference to `pthread_detach'
/usr/bin/ld: src.c:(.text+0x56): undefined reference to `pthread_cancel'
/usr/bin/ld: src.c:(.text+0x67): undefined reference to `pthread_join'
collect2: error: ld returned 1 exit status
make[1]: *** [CMakeFiles/cmTC_1e3ff.dir/build.make:99：cmTC_1e3ff] 错误 1
make[1]: 离开目录“/home/zy/debug/build/catkin_tools_prebuild/CMakeFiles/CMakeTmp”
make: *** [Makefile:127：cmTC_1e3ff/fast] 错误 2


Source file was:
#include <pthread.h>

static void* test_func(void* data)
{
  return data;
}

int main(void)
{
  pthread_t thread;
  pthread_create(&thread, NULL, test_func, NULL);
  pthread_detach(thread);
  pthread_cancel(thread);
  pthread_join(thread, NULL);
  pthread_atfork(NULL, NULL, NULL);
  pthread_exit(NULL);

  return 0;
}

Determining if the function pthread_create exists in the pthreads failed with the following output:
Change Dir: /home/zy/debug/build/catkin_tools_prebuild/CMakeFiles/CMakeTmp

Run Build Command(s):/usr/bin/make -f Makefile cmTC_8dc13/fast && /usr/bin/make  -f CMakeFiles/cmTC_8dc13.dir/build.make CMakeFiles/cmTC_8dc13.dir/build
make[1]: 进入目录“/home/zy/debug/build/catkin_tools_prebuild/CMakeFiles/CMakeTmp”
Building C object CMakeFiles/cmTC_8dc13.dir/CheckFunctionExists.c.o
/usr/bin/cc   -DCHECK_FUNCTION_EXISTS=pthread_create -o CMakeFiles/cmTC_8dc13.dir/CheckFunctionExists.c.o -c /usr/share/cmake-3.22/Modules/CheckFunctionExists.c
Linking C executable cmTC_8dc13
/usr/bin/cmake -E cmake_link_script CMakeFiles/cmTC_8dc13.dir/link.txt --verbose=1
/usr/bin/cc  -DCHECK_FUNCTION_EXISTS=pthread_create -rdynamic CMakeFiles/cmTC_8dc13.dir/CheckFunctionExists.c.o -o cmTC_8dc13  -lpthreads 
/usr/bin/ld: 找不到 -lpthreads
collect2: error: ld returned 1 exit status
make[1]: *** [CMakeFiles/cmTC_8dc13.dir/build.make:99：cmTC_8dc13] 错误 1
make[1]: 离开目录“/home/zy/debug/build/catkin_tools_prebuild/CMakeFiles/CMakeTmp”
make: *** [Makefile:127：cmTC_8dc13/fast] 错误 2



