In file included from [01m[K/opt/ros/noetic/include/ros/publisher.h:35:0[m[K,
                 from [01m[K/opt/ros/noetic/include/ros/node_handle.h:32[m[K,
                 from [01m[K/opt/ros/noetic/include/ros/ros.h:45[m[K,
                 from [01m[K/home/zy/debug/src/planner/plan_manage/include/visualizer.hpp:9[m[K,
                 from [01m[K/home/zy/debug/src/planner/plan_manage/include/m_planner_node.h:3[m[K,
                 from [01m[K/home/zy/debug/src/planner/plan_manage/src/ego_planner_node.cpp:2[m[K:
[01m[K/usr/local/include/boost/bind.hpp:41:1:[m[K [01;36m[Knote: [m[K#pragma message: The practice of declaring the Bind placeholders (_1, _2, ...) in the global namespace is deprecated. Please use <boost/bind/bind.hpp> + using namespace boost::placeholders, or define BOOST_BIND_GLOBAL_PLACEHOLDERS to retain the current behavior.
 [01;36m[K)[m[K
 [01;36m[K^[m[K
In file included from [01m[K/home/zy/debug/src/planner/plan_manage/src/ego_planner_node.cpp:2:0[m[K:
[01m[K/home/zy/debug/src/planner/plan_manage/include/m_planner_node.h:[m[K In member function ‘[01m[Kvoid ego_planner_node::outcome_vis(double)[m[K’:
[01m[K/home/zy/debug/src/planner/plan_manage/include/m_planner_node.h:147:5:[m[K [01;31m[Kerror: [m[Kexpected ‘[01m[K;[m[K’ before ‘[01m[Kfor[m[K’
     [01;31m[Kfor[m[K(int j=0;j<a_num_;j++)
     [01;31m[K^~~[m[K
[01m[K/home/zy/debug/src/planner/plan_manage/include/m_planner_node.h:147:17:[m[K [01;31m[Kerror: [m[K‘[01m[Kj[m[K’ was not declared in this scope
     for(int j=0;[01;31m[Kj[m[K<a_num_;j++)
                 [01;31m[K^[m[K
[01m[K/home/zy/debug/src/planner/plan_manage/include/m_planner_node.h:147:17:[m[K [01;36m[Knote: [m[Ksuggested alternative: ‘[01m[Kjn[m[K’
     for(int j=0;[01;36m[Kj[m[K<a_num_;j++)
                 [01;36m[K^[m[K
                 [32m[Kjn[m[K
[01m[K/home/zy/debug/src/planner/plan_manage/include/m_planner_node.h:154:3:[m[K [01;31m[Kerror: [m[Kexpected ‘[01m[K;[m[K’ before ‘[01m[K}[m[K’ token
   [01;31m[K}[m[K
   [01;31m[K^[m[K
[01m[K/home/zy/debug/src/planner/plan_manage/include/m_planner_node.h:[m[K In constructor ‘[01m[Kego_planner_node::ego_planner_node()[m[K’:
[01m[K/home/zy/debug/src/planner/plan_manage/include/m_planner_node.h:239:21:[m[K [01;31m[Kerror: [m[Kno matching function for call to ‘[01m[KVisualizer::Visualizer()[m[K’
   ego_planner_node()[01;31m[K{[m[K};
                     [01;31m[K^[m[K
In file included from [01m[K/home/zy/debug/src/planner/plan_manage/include/m_planner_node.h:3:0[m[K,
                 from [01m[K/home/zy/debug/src/planner/plan_manage/src/ego_planner_node.cpp:2[m[K:
[01m[K/home/zy/debug/src/planner/plan_manage/include/visualizer.hpp:29:5:[m[K [01;36m[Knote: [m[Kcandidate: Visualizer::Visualizer(ros::NodeHandle&)
     [01;36m[KVisualizer[m[K(ros::NodeHandle &nh_)
     [01;36m[K^~~~~~~~~~[m[K
[01m[K/home/zy/debug/src/planner/plan_manage/include/visualizer.hpp:29:5:[m[K [01;36m[Knote: [m[K  candidate expects 1 argument, 0 provided
[01m[K/home/zy/debug/src/planner/plan_manage/include/visualizer.hpp:16:7:[m[K [01;36m[Knote: [m[Kcandidate: Visualizer::Visualizer(const Visualizer&)
 class [01;36m[KVisualizer[m[K
       [01;36m[K^~~~~~~~~~[m[K
[01m[K/home/zy/debug/src/planner/plan_manage/include/visualizer.hpp:16:7:[m[K [01;36m[Knote: [m[K  candidate expects 1 argument, 0 provided
[01m[K/home/zy/debug/src/planner/plan_manage/include/visualizer.hpp:16:7:[m[K [01;36m[Knote: [m[Kcandidate: Visualizer::Visualizer(Visualizer&&)
[01m[K/home/zy/debug/src/planner/plan_manage/include/visualizer.hpp:16:7:[m[K [01;36m[Knote: [m[K  candidate expects 1 argument, 0 provided
make[2]: *** [CMakeFiles/ego_planner_node.dir/build.make:76：CMakeFiles/ego_planner_node.dir/src/ego_planner_node.cpp.o] 错误 1
make[1]: *** [CMakeFiles/Makefile2:1618：CMakeFiles/ego_planner_node.dir/all] 错误 2
make: *** [Makefile:146：all] 错误 2
