In file included from [01m[K/opt/ros/noetic/include/ros/publisher.h:35:0[m[K,
                 from [01m[K/opt/ros/noetic/include/ros/node_handle.h:32[m[K,
                 from [01m[K/opt/ros/noetic/include/ros/ros.h:45[m[K,
                 from [01m[K/home/zy/debug/src/planner/plan_manage/include/visualizer.hpp:9[m[K,
                 from [01m[K/home/zy/debug/src/planner/plan_manage/include/m_planner_node.h:3[m[K,
                 from [01m[K/home/zy/debug/src/planner/plan_manage/src/ego_planner_node.cpp:2[m[K:
[01m[K/usr/local/include/boost/bind.hpp:41:1:[m[K [01;36m[Knote: [m[K#pragma message: The practice of declaring the Bind placeholders (_1, _2, ...) in the global namespace is deprecated. Please use <boost/bind/bind.hpp> + using namespace boost::placeholders, or define BOOST_BIND_GLOBAL_PLACEHOLDERS to retain the current behavior.
 [01;36m[K)[m[K
 [01;36m[K^[m[K
In file included from [01m[K/home/zy/debug/src/planner/plan_manage/src/ego_planner_node.cpp:2:0[m[K:
[01m[K/home/zy/debug/src/planner/plan_manage/include/m_planner_node.h:[m[K In member function ‘[01m[Kvoid ego_planner_node::do_planner(bool, int)[m[K’:
[01m[K/home/zy/debug/src/planner/plan_manage/include/m_planner_node.h:33:64:[m[K [01;31m[Kerror: [m[Kno match for ‘[01m[Koperator=[m[K’ (operand types are ‘[01m[Kstd::vector<poly_traj::Trajectory>[m[K’ and ‘[01m[Kpoly_traj::Trajectory[m[K’)
     traj_global = global_traj_opt->getMinJerkOptPtr()->getTraj([01;31m[K)[m[K;
                                                                [01;31m[K^[m[K
In file included from [01m[K/usr/include/c++/7/vector:69:0[m[K,
                 from [01m[K/usr/local/include/eigen3/Eigen/SparseCore:15[m[K,
                 from [01m[K/usr/local/include/eigen3/Eigen/Sparse:26[m[K,
                 from [01m[K/usr/local/include/eigen3/Eigen/Eigen:2[m[K,
                 from [01m[K/home/zy/debug/src/planner/plan_manage/include/visualizer.hpp:8[m[K,
                 from [01m[K/home/zy/debug/src/planner/plan_manage/include/m_planner_node.h:3[m[K,
                 from [01m[K/home/zy/debug/src/planner/plan_manage/src/ego_planner_node.cpp:2[m[K:
[01m[K/usr/include/c++/7/bits/vector.tcc:179:5:[m[K [01;36m[Knote: [m[Kcandidate: std::vector<_Tp, _Alloc>& std::vector<_Tp, _Alloc>::operator=(const std::vector<_Tp, _Alloc>&) [with _Tp = poly_traj::Trajectory; _Alloc = std::allocator<poly_traj::Trajectory>]
     [01;36m[Kvector<_Tp, _Alloc>[m[K::
     [01;36m[K^~~~~~~~~~~~~~~~~~~[m[K
[01m[K/usr/include/c++/7/bits/vector.tcc:179:5:[m[K [01;36m[Knote: [m[K  no known conversion for argument 1 from ‘[01m[Kpoly_traj::Trajectory[m[K’ to ‘[01m[Kconst std::vector<poly_traj::Trajectory>&[m[K’
In file included from [01m[K/usr/include/c++/7/vector:64:0[m[K,
                 from [01m[K/usr/local/include/eigen3/Eigen/SparseCore:15[m[K,
                 from [01m[K/usr/local/include/eigen3/Eigen/Sparse:26[m[K,
                 from [01m[K/usr/local/include/eigen3/Eigen/Eigen:2[m[K,
                 from [01m[K/home/zy/debug/src/planner/plan_manage/include/visualizer.hpp:8[m[K,
                 from [01m[K/home/zy/debug/src/planner/plan_manage/include/m_planner_node.h:3[m[K,
                 from [01m[K/home/zy/debug/src/planner/plan_manage/src/ego_planner_node.cpp:2[m[K:
[01m[K/usr/include/c++/7/bits/stl_vector.h:461:7:[m[K [01;36m[Knote: [m[Kcandidate: std::vector<_Tp, _Alloc>& std::vector<_Tp, _Alloc>::operator=(std::vector<_Tp, _Alloc>&&) [with _Tp = poly_traj::Trajectory; _Alloc = std::allocator<poly_traj::Trajectory>]
       [01;36m[Koperator[m[K=(vector&& __x) noexcept(_Alloc_traits::_S_nothrow_move())
       [01;36m[K^~~~~~~~[m[K
[01m[K/usr/include/c++/7/bits/stl_vector.h:461:7:[m[K [01;36m[Knote: [m[K  no known conversion for argument 1 from ‘[01m[Kpoly_traj::Trajectory[m[K’ to ‘[01m[Kstd::vector<poly_traj::Trajectory>&&[m[K’
[01m[K/usr/include/c++/7/bits/stl_vector.h:482:7:[m[K [01;36m[Knote: [m[Kcandidate: std::vector<_Tp, _Alloc>& std::vector<_Tp, _Alloc>::operator=(std::initializer_list<_Tp>) [with _Tp = poly_traj::Trajectory; _Alloc = std::allocator<poly_traj::Trajectory>]
       [01;36m[Koperator[m[K=(initializer_list<value_type> __l)
       [01;36m[K^~~~~~~~[m[K
[01m[K/usr/include/c++/7/bits/stl_vector.h:482:7:[m[K [01;36m[Knote: [m[K  no known conversion for argument 1 from ‘[01m[Kpoly_traj::Trajectory[m[K’ to ‘[01m[Kstd::initializer_list<poly_traj::Trajectory>[m[K’
In file included from [01m[K/home/zy/debug/src/planner/plan_manage/src/ego_planner_node.cpp:2:0[m[K:
[01m[K/home/zy/debug/src/planner/plan_manage/include/m_planner_node.h:[m[K In member function ‘[01m[Kvoid ego_planner_node::planner_all_formation_once(double)[m[K’:
[01m[K/home/zy/debug/src/planner/plan_manage/include/m_planner_node.h:102:30:[m[K [01;31m[Kerror: [m[K‘[01m[Kclass std::vector<poly_traj::Trajectory>[m[K’ has no member named ‘[01m[KgetPos[m[K’
       pos_end_ = traj_global.[01;31m[KgetPos[m[K(t_planner_go);
                              [01;31m[K^~~~~~[m[K
[01m[K/home/zy/debug/src/planner/plan_manage/include/m_planner_node.h:103:30:[m[K [01;31m[Kerror: [m[K‘[01m[Kclass std::vector<poly_traj::Trajectory>[m[K’ has no member named ‘[01m[KgetVel[m[K’
       vel_end_ = traj_global.[01;31m[KgetVel[m[K(t_planner_go);
                              [01;31m[K^~~~~~[m[K
make[2]: *** [CMakeFiles/ego_planner_node.dir/build.make:76：CMakeFiles/ego_planner_node.dir/src/ego_planner_node.cpp.o] 错误 1
make[1]: *** [CMakeFiles/Makefile2:1618：CMakeFiles/ego_planner_node.dir/all] 错误 2
make: *** [Makefile:146：all] 错误 2
