In file included from [01m[K/opt/ros/noetic/include/ros/publisher.h:35:0[m[K,
                 from [01m[K/opt/ros/noetic/include/ros/node_handle.h:32[m[K,
                 from [01m[K/opt/ros/noetic/include/ros/ros.h:45[m[K,
                 from [01m[K/home/zy/debug/src/planner/plan_manage/include/visualizer.hpp:9[m[K,
                 from [01m[K/home/zy/debug/src/planner/plan_manage/include/m_planner_node.h:3[m[K,
                 from [01m[K/home/zy/debug/src/planner/plan_manage/src/ego_planner_node.cpp:2[m[K:
[01m[K/usr/local/include/boost/bind.hpp:41:1:[m[K [01;36m[Knote: [m[K#pragma message: The practice of declaring the Bind placeholders (_1, _2, ...) in the global namespace is deprecated. Please use <boost/bind/bind.hpp> + using namespace boost::placeholders, or define BOOST_BIND_GLOBAL_PLACEHOLDERS to retain the current behavior.
 [01;36m[K)[m[K
 [01;36m[K^[m[K
In file included from [01m[K/home/zy/debug/src/planner/plan_manage/src/ego_planner_node.cpp:2:0[m[K:
[01m[K/home/zy/debug/src/planner/plan_manage/include/m_planner_node.h:[m[K In member function ‘[01m[Kvoid ego_planner_node::do_planner(bool, int)[m[K’:
[01m[K/home/zy/debug/src/planner/plan_manage/include/m_planner_node.h:30:46:[m[K [01;31m[Kerror: [m[Kno matching function for call to ‘[01m[Kego_planner::PolyTrajOptimizer::setParam(std::vector<int>&)[m[K’
       formation_optim[i]->setParam(leader_id_[01;31m[K)[m[K;
                                              [01;31m[K^[m[K
In file included from [01m[K/home/zy/debug/src/planner/plan_manage/include/m_planner_node.h:6:0[m[K,
                 from [01m[K/home/zy/debug/src/planner/plan_manage/src/ego_planner_node.cpp:2[m[K:
[01m[K/home/zy/debug/src/planner/traj_opt/include/optimizer/poly_traj_optimizer.h:164:10:[m[K [01;36m[Knote: [m[Kcandidate: void ego_planner::PolyTrajOptimizer::setParam(std::vector<int>, std::vector<Eigen::Matrix<double, 3, 1> >)
     void [01;36m[KsetParam[m[K(vector<int> leader_id_,std::vector<Eigen::Vector3d> v_des);
          [01;36m[K^~~~~~~~[m[K
[01m[K/home/zy/debug/src/planner/traj_opt/include/optimizer/poly_traj_optimizer.h:164:10:[m[K [01;36m[Knote: [m[K  candidate expects 2 arguments, 1 provided
In file included from [01m[K/home/zy/debug/src/planner/plan_manage/src/ego_planner_node.cpp:2:0[m[K:
[01m[K/home/zy/debug/src/planner/plan_manage/include/m_planner_node.h:[m[K In member function ‘[01m[Kvoid ego_planner_node::planner_all_formation_once()[m[K’:
[01m[K/home/zy/debug/src/planner/plan_manage/include/m_planner_node.h:70:20:[m[K [01;31m[Kerror: [m[K‘[01m[K__gnu_cxx::__alloc_traits<std::allocator<ego_planner::TrajContainer> >::value_type {aka class ego_planner::TrajContainer}[m[K’ has no member named ‘[01m[Kresize[m[K’
       traj_real[i].[01;31m[Kresize[m[K(num_every_group[i]);
                    [01;31m[K^~~~~~[m[K
[01m[K/home/zy/debug/src/planner/plan_manage/include/m_planner_node.h:96:23:[m[K [01;31m[Kerror: [m[K‘[01m[Ki[m[K’ was not declared in this scope
       formation_optim[[01;31m[Ki[m[K]->setParam(leader_id_);
                       [01;31m[K^[m[K
[01m[K/home/zy/debug/src/planner/plan_manage/include/m_planner_node.h:96:36:[m[K [01;31m[Kerror: [m[K‘[01m[Kleader_id_[m[K’ was not declared in this scope
       formation_optim[i]->setParam([01;31m[Kleader_id_[m[K);
                                    [01;31m[K^~~~~~~~~~[m[K
[01m[K/home/zy/debug/src/planner/plan_manage/include/m_planner_node.h:[m[K In member function ‘[01m[Kvoid ego_planner_node::group_swarm()[m[K’:
[01m[K/home/zy/debug/src/planner/plan_manage/include/m_planner_node.h:185:40:[m[K [01;31m[Kerror: [m[Kcannot convert ‘[01m[K__gnu_cxx::__alloc_traits<std::allocator<std::vector<int> > >::value_type {aka std::vector<int>}[m[K’ to ‘[01m[Kint[m[K’ in initialization
       int id_in_bigform = id_in_group[i[01;31m[K][m[K;
                                        [01;31m[K^[m[K
[01m[K/home/zy/debug/src/planner/plan_manage/include/m_planner_node.h:192:40:[m[K [01;31m[Kerror: [m[Kcannot convert ‘[01m[K__gnu_cxx::__alloc_traits<std::allocator<std::vector<int> > >::value_type {aka std::vector<int>}[m[K’ to ‘[01m[Kint[m[K’ in initialization
       int id_in_bigform = id_in_group[i[01;31m[K][m[K;
                                        [01;31m[K^[m[K
[01m[K/home/zy/debug/src/planner/plan_manage/include/m_planner_node.h:199:40:[m[K [01;31m[Kerror: [m[Kcannot convert ‘[01m[K__gnu_cxx::__alloc_traits<std::allocator<std::vector<int> > >::value_type {aka std::vector<int>}[m[K’ to ‘[01m[Kint[m[K’ in initialization
       int id_in_bigform = id_in_group[i[01;31m[K][m[K;
                                        [01;31m[K^[m[K
[01m[K/home/zy/debug/src/planner/plan_manage/include/m_planner_node.h:206:40:[m[K [01;31m[Kerror: [m[Kcannot convert ‘[01m[K__gnu_cxx::__alloc_traits<std::allocator<std::vector<int> > >::value_type {aka std::vector<int>}[m[K’ to ‘[01m[Kint[m[K’ in initialization
       int id_in_bigform = id_in_group[i[01;31m[K][m[K;
                                        [01;31m[K^[m[K
make[2]: *** [CMakeFiles/ego_planner_node.dir/build.make:76：CMakeFiles/ego_planner_node.dir/src/ego_planner_node.cpp.o] 错误 1
make[1]: *** [CMakeFiles/Makefile2:1618：CMakeFiles/ego_planner_node.dir/all] 错误 2
make: *** [Makefile:146：all] 错误 2
