In file included from [01m[K/opt/ros/noetic/include/ros/publisher.h:35:0[m[K,
                 from [01m[K/opt/ros/noetic/include/ros/node_handle.h:32[m[K,
                 from [01m[K/opt/ros/noetic/include/ros/ros.h:45[m[K,
                 from [01m[K/home/zy/debug/src/planner/plan_manage/include/visualizer.hpp:9[m[K,
                 from [01m[K/home/zy/debug/src/planner/plan_manage/include/m_planner_node.h:3[m[K,
                 from [01m[K/home/zy/debug/src/planner/plan_manage/src/ego_planner_node.cpp:2[m[K:
[01m[K/usr/local/include/boost/bind.hpp:41:1:[m[K [01;36m[Knote: [m[K#pragma message: The practice of declaring the Bind placeholders (_1, _2, ...) in the global namespace is deprecated. Please use <boost/bind/bind.hpp> + using namespace boost::placeholders, or define BOOST_BIND_GLOBAL_PLACEHOLDERS to retain the current behavior.
 [01;36m[K)[m[K
 [01;36m[K^[m[K
In file included from [01m[K/home/zy/debug/src/planner/plan_manage/src/ego_planner_node.cpp:2:0[m[K:
[01m[K/home/zy/debug/src/planner/plan_manage/include/m_planner_node.h:[m[K In member function ‘[01m[Kvoid ego_planner_node::do_planner(bool, int)[m[K’:
[01m[K/home/zy/debug/src/planner/plan_manage/include/m_planner_node.h:60:37:[m[K [01;31m[Kerror: [m[Kno matching function for call to ‘[01m[Kego_planner_node::planner_all_formation_once(int, int, int)[m[K’
     planner_all_formation_once(0,0,0[01;31m[K)[m[K;
                                     [01;31m[K^[m[K
[01m[K/home/zy/debug/src/planner/plan_manage/include/m_planner_node.h:73:8:[m[K [01;36m[Knote: [m[Kcandidate: void ego_planner_node::planner_all_formation_once(double, ros::Time, ros::Time)
   void [01;36m[Kplanner_all_formation_once[m[K(const double t_planner_go, const ros::Time t_n, const ros::Time t_global_s)
        [01;36m[K^~~~~~~~~~~~~~~~~~~~~~~~~~[m[K
[01m[K/home/zy/debug/src/planner/plan_manage/include/m_planner_node.h:73:8:[m[K [01;36m[Knote: [m[K  no known conversion for argument 2 from ‘[01m[Kint[m[K’ to ‘[01m[Kros::Time[m[K’
make[2]: *** [CMakeFiles/ego_planner_node.dir/build.make:76：CMakeFiles/ego_planner_node.dir/src/ego_planner_node.cpp.o] 错误 1
make[1]: *** [CMakeFiles/Makefile2:1618：CMakeFiles/ego_planner_node.dir/all] 错误 2
make: *** [Makefile:146：all] 错误 2
