In file included from [01m[K/opt/ros/noetic/include/ros/publisher.h:35:0[m[K,
                 from [01m[K/opt/ros/noetic/include/ros/node_handle.h:32[m[K,
                 from [01m[K/opt/ros/noetic/include/ros/ros.h:45[m[K,
                 from [01m[K/home/zy/debug/src/planner/plan_manage/include/m_planner_node.h:3[m[K,
                 from [01m[K/home/zy/debug/src/planner/plan_manage/src/ego_planner_node.cpp:2[m[K:
[01m[K/usr/local/include/boost/bind.hpp:41:1:[m[K [01;36m[Knote: [m[K#pragma message: The practice of declaring the Bind placeholders (_1, _2, ...) in the global namespace is deprecated. Please use <boost/bind/bind.hpp> + using namespace boost::placeholders, or define BOOST_BIND_GLOBAL_PLACEHOLDERS to retain the current behavior.
 [01;36m[K)[m[K
 [01;36m[K^[m[K
In file included from [01m[K/home/zy/debug/src/planner/plan_manage/src/ego_planner_node.cpp:2:0[m[K:
[01m[K/home/zy/debug/src/planner/plan_manage/include/m_planner_node.h:[m[K In member function ‘[01m[Kint ego_planner_node::do_planner(bool, int)[m[K’:
[01m[K/home/zy/debug/src/planner/plan_manage/include/m_planner_node.h:97:46:[m[K [01;31m[Kerror: [m[Kno matching function for call to ‘[01m[Kego_planner_node::test3agent(__gnu_cxx::__alloc_traits<std::allocator<poly_traj::Trajectory> >::value_type&, __gnu_cxx::__alloc_traits<std::allocator<poly_traj::Trajectory> >::value_type&)[m[K’
       test3agent(traj_optim[0], traj_optim[2][01;31m[K)[m[K;
                                              [01;31m[K^[m[K
[01m[K/home/zy/debug/src/planner/plan_manage/include/m_planner_node.h:201:8:[m[K [01;36m[Knote: [m[Kcandidate: void ego_planner_node::test3agent(std::vector<poly_traj::Trajectory>)
   void [01;36m[Ktest3agent[m[K(const std::vector<poly_traj::Trajectory> traj_)
        [01;36m[K^~~~~~~~~~[m[K
[01m[K/home/zy/debug/src/planner/plan_manage/include/m_planner_node.h:201:8:[m[K [01;36m[Knote: [m[K  candidate expects 1 argument, 2 provided
[01m[K/home/zy/debug/src/planner/plan_manage/include/m_planner_node.h:[m[K In member function ‘[01m[Kvoid ego_planner_node::test3agent(std::vector<poly_traj::Trajectory>)[m[K’:
[01m[K/home/zy/debug/src/planner/plan_manage/include/m_planner_node.h:229:46:[m[K [01;31m[Kerror: [m[K‘[01m[Ktrajectory2[m[K’ was not declared in this scope
         traj_real.swarm_traj[recv_id].traj = [01;31m[Ktrajectory2[m[K;
                                              [01;31m[K^~~~~~~~~~~[m[K
[01m[K/home/zy/debug/src/planner/plan_manage/include/m_planner_node.h:229:46:[m[K [01;36m[Knote: [m[Ksuggested alternative: ‘[01m[Ktrajectory0[m[K’
         traj_real.swarm_traj[recv_id].traj = [01;36m[Ktrajectory2[m[K;
                                              [01;36m[K^~~~~~~~~~~[m[K
                                              [32m[Ktrajectory0[m[K
make[2]: *** [CMakeFiles/ego_planner_node.dir/build.make:76：CMakeFiles/ego_planner_node.dir/src/ego_planner_node.cpp.o] 错误 1
make[1]: *** [CMakeFiles/Makefile2:1618：CMakeFiles/ego_planner_node.dir/all] 错误 2
make: *** [Makefile:146：all] 错误 2
