Performing C SOURCE FILE Test CMAKE_HAVE_LIBC_PTHREAD failed with the following output:
Change Dir: /home/zy/debug/build/traj_opt/CMakeFiles/CMakeTmp

Run Build Command(s):/usr/bin/make -f Makefile cmTC_fc86d/fast && /usr/bin/make  -f CMakeFiles/cmTC_fc86d.dir/build.make CMakeFiles/cmTC_fc86d.dir/build
make[1]: 进入目录“/home/zy/debug/build/traj_opt/CMakeFiles/CMakeTmp”
Building C object CMakeFiles/cmTC_fc86d.dir/src.c.o
/usr/bin/cc -DCMAKE_HAVE_LIBC_PTHREAD   -o CMakeFiles/cmTC_fc86d.dir/src.c.o -c /home/zy/debug/build/traj_opt/CMakeFiles/CMakeTmp/src.c
Linking C executable cmTC_fc86d
/usr/bin/cmake -E cmake_link_script CMakeFiles/cmTC_fc86d.dir/link.txt --verbose=1
/usr/bin/cc -rdynamic CMakeFiles/cmTC_fc86d.dir/src.c.o -o cmTC_fc86d 
/usr/bin/ld: CMakeFiles/cmTC_fc86d.dir/src.c.o: in function `main':
src.c:(.text+0x3e): undefined reference to `pthread_create'
/usr/bin/ld: src.c:(.text+0x4a): undefined reference to `pthread_detach'
/usr/bin/ld: src.c:(.text+0x56): undefined reference to `pthread_cancel'
/usr/bin/ld: src.c:(.text+0x67): undefined reference to `pthread_join'
collect2: error: ld returned 1 exit status
make[1]: *** [CMakeFiles/cmTC_fc86d.dir/build.make:99：cmTC_fc86d] 错误 1
make[1]: 离开目录“/home/zy/debug/build/traj_opt/CMakeFiles/CMakeTmp”
make: *** [Makefile:127：cmTC_fc86d/fast] 错误 2


Source file was:
#include <pthread.h>

static void* test_func(void* data)
{
  return data;
}

int main(void)
{
  pthread_t thread;
  pthread_create(&thread, NULL, test_func, NULL);
  pthread_detach(thread);
  pthread_cancel(thread);
  pthread_join(thread, NULL);
  pthread_atfork(NULL, NULL, NULL);
  pthread_exit(NULL);

  return 0;
}

Determining if the function pthread_create exists in the pthreads failed with the following output:
Change Dir: /home/zy/debug/build/traj_opt/CMakeFiles/CMakeTmp

Run Build Command(s):/usr/bin/make -f Makefile cmTC_73390/fast && /usr/bin/make  -f CMakeFiles/cmTC_73390.dir/build.make CMakeFiles/cmTC_73390.dir/build
make[1]: 进入目录“/home/zy/debug/build/traj_opt/CMakeFiles/CMakeTmp”
Building C object CMakeFiles/cmTC_73390.dir/CheckFunctionExists.c.o
/usr/bin/cc   -DCHECK_FUNCTION_EXISTS=pthread_create -o CMakeFiles/cmTC_73390.dir/CheckFunctionExists.c.o -c /usr/share/cmake-3.22/Modules/CheckFunctionExists.c
Linking C executable cmTC_73390
/usr/bin/cmake -E cmake_link_script CMakeFiles/cmTC_73390.dir/link.txt --verbose=1
/usr/bin/cc   -DCHECK_FUNCTION_EXISTS=pthread_create -rdynamic CMakeFiles/cmTC_73390.dir/CheckFunctionExists.c.o -o cmTC_73390  -lpthreads 
/usr/bin/ld: 找不到 -lpthreads
collect2: error: ld returned 1 exit status
make[1]: *** [CMakeFiles/cmTC_73390.dir/build.make:99：cmTC_73390] 错误 1
make[1]: 离开目录“/home/zy/debug/build/traj_opt/CMakeFiles/CMakeTmp”
make: *** [Makefile:127：cmTC_73390/fast] 错误 2



